<?xml version="1.0" encoding="UTF-8"?>
<!-- Generated by org.testng.reporters.JUnitReportReporter -->
<testsuite skipped="1" hostname="system8-PC" name="testNG.TestNg" tests="2" failures="0" timestamp="21 Aug 2018 07:12:59 GMT" time="0.000" errors="0">
  <testcase name="testD" time="0.000" classname="testNG.TestNg"/>
  <testcase name="testC" classname="testNG.TestNg">
    <skipped/>
  </testcase> <!-- testC -->
</testsuite> <!-- testNG.TestNg -->
