<?xml version="1.0" encoding="UTF-8"?>
<!-- Generated by org.testng.reporters.JUnitReportReporter -->
<testsuite skipped="0" hostname="system8-PC" name="testNG.Secondprogram" tests="5" failures="0" timestamp="29 Aug 2018 06:14:46 GMT" time="107.973" errors="0">
  <testcase name="username" time="23.536" classname="testNG.Secondprogram"/>
  <testcase name="password" time="22.230" classname="testNG.Secondprogram"/>
  <testcase name="username1" time="14.037" classname="testNG.Secondprogram"/>
  <testcase name="password2" time="33.350" classname="testNG.Secondprogram"/>
  <testcase name="ligin" time="14.820" classname="testNG.Secondprogram"/>
</testsuite> <!-- testNG.Secondprogram -->
