<?xml version="1.0" encoding="UTF-8"?>
<!-- Generated by org.testng.reporters.JUnitReportReporter -->
<testsuite skipped="0" hostname="system8-PC" name="testNG.Log4j" tests="1" failures="0" timestamp="06 Sep 2018 10:03:15 GMT" time="0.240" errors="0">
  <testcase name="logkj" time="0.240" classname="testNG.Log4j"/>
</testsuite> <!-- testNG.Log4j -->
