<?xml version="1.0" encoding="UTF-8"?>
<!-- Generated by org.testng.reporters.JUnitReportReporter -->
<testsuite skipped="1" hostname="system8-PC" name="testNG.TestMG" tests="6" failures="0" timestamp="22 Aug 2018 04:33:32 GMT" time="0.016" errors="0">
  <testcase name="testD" time="0.016" classname="testNG.TestMG"/>
  <testcase name="testK" time="0.000" classname="testNG.TestMG"/>
  <testcase name="testA" time="0.000" classname="testNG.TestMG"/>
  <testcase name="testB" time="0.000" classname="testNG.TestMG"/>
  <testcase name="testL" time="0.000" classname="testNG.TestMG"/>
  <testcase name="testC" classname="testNG.TestMG">
    <skipped/>
  </testcase> <!-- testC -->
</testsuite> <!-- testNG.TestMG -->
