<?xml version="1.0" encoding="UTF-8"?>
<!-- Generated by org.testng.reporters.JUnitReportReporter -->
<testsuite skipped="0" hostname="system8-PC" name="testNG.Suits" tests="1" failures="0" timestamp="29 Aug 2018 03:04:09 GMT" time="0.005" errors="0">
  <testcase name="testclass" time="0.005" classname="testNG.Suits"/>
</testsuite> <!-- testNG.Suits -->
