<?xml version="1.0" encoding="UTF-8"?>
<!-- Generated by org.testng.reporters.JUnitReportReporter -->
<testsuite skipped="0" hostname="system8-PC" name="testNG.ReportNg1$ReportNg" tests="3" failures="0" timestamp="04 Sep 2018 08:59:24 GMT" time="0.003" errors="0">
  <testcase name="second" time="0.001" classname="testNG.ReportNg1$ReportNg"/>
  <testcase name="First" time="0.001" classname="testNG.ReportNg1$ReportNg"/>
  <testcase name="third" time="0.001" classname="testNG.ReportNg1$ReportNg"/>
</testsuite> <!-- testNG.ReportNg1$ReportNg -->
