<?xml version="1.0" encoding="UTF-8"?>
<!-- Generated by org.testng.reporters.JUnitReportReporter -->
<testsuite skipped="0" hostname="system8-PC" name="testNG.Firstprogram" tests="11" failures="0" timestamp="01 Sep 2018 09:33:37 GMT" time="185.636" errors="0">
  <testcase name="signon" time="18.730" classname="testNG.Firstprogram"/>
  <testcase name="register" time="18.269" classname="testNG.Firstprogram"/>
  <testcase name="support" time="15.447" classname="testNG.Firstprogram"/>
  <testcase name="contact" time="16.013" classname="testNG.Firstprogram"/>
  <testcase name="home" time="16.924" classname="testNG.Firstprogram"/>
  <testcase name="flights" time="17.724" classname="testNG.Firstprogram"/>
  <testcase name="hotels" time="14.522" classname="testNG.Firstprogram"/>
  <testcase name="carrentals" time="17.982" classname="testNG.Firstprogram"/>
  <testcase name="cruises" time="19.676" classname="testNG.Firstprogram"/>
  <testcase name="destinations" time="15.870" classname="testNG.Firstprogram"/>
  <testcase name="vacations" time="14.479" classname="testNG.Firstprogram"/>
</testsuite> <!-- testNG.Firstprogram -->
